{'restaurant': 'McDonalds', 'postal': 'L8P4W3'}
{'restaurant': 'McDonalds', 'postal': 'L3'}
{'restaurant': 'McDonalds', 'postal': 'L8p4w3'}
{'restaurant': 'McDonalds', 'postal': 'L8p4w3'}
{'restaurant': 'McDonalds', 'postal': 'L8p4w3'}
{'restaurant': 'Popeyes', 'postal': 'L6Y 6A1'}
{'restaurant': 'Popeyes', 'postal': 'L6Y 6A1'}
{'restaurant': 'McDonalds', 'postal': 'L8P4W3'}
{'restaurant': 'McDonalds', 'postal': 'L8P4W3'}
{'restaurant': 'McDonalds', 'postal': 'L8P4W3'}
{'restaurant': 'McDonalds', 'postal': 'L8P4W3'}
{'restaurant': 'McDonalds', 'postal': 'L8P4W3'}
{'restaurant': 'McDonalds', 'postal': 'L8P4W3'}
{'restaurant': 'McDonalds', 'postal': 'L8P4W3'}
{'restaurant': 'Popeyes', 'postal': 'L6Y 6A1'}
{'restaurant': 'McDonalds', 'postal': 'L8P4W3'}
{'restaurant': 'McDonalds', 'postal': 'L8P4W3'}
{'restaurant': 'McDonalds', 'postal': 'L8P4W3'}
{'restaurant': 'Popeyes Louisiana Kitchen', 'postal': 'L6X5K8'}
{'restaurant': 'Popeyes Louisiana Kitchen', 'postal': 'L6X5K8'}
{'restaurant': 'The Burger Bros', 'postal': 'L6Y 1P4'}
{'restaurant': 'Popeyes Louisiana Kitchen', 'postal': 'L6X5K8'}
{'restaurant': 'Popeyes Louisiana Kitchen', 'postal': 'L6X5K8'}
{'restaurant': 'sdaf', 'postal': '1234'}
{'restaurant': 'McDonalds', 'postal': 'L8P4W3'}
{'restaurant': 'McDonalds', 'postal': 'L8P4W3'}
{'restaurant': 'asdf', 'postal': '1234'}
{'restaurant': 'McDonalds', 'postal': 'L8P4W3'}
{'restaurant': 'McDonalds', 'postal': 'L8P4W3'}
{'restaurant': 'KFC', 'postal': 'L6Y2M7'}
{'restaurant': 'KFC', 'postal': 'L6Y2M7'}
{'restaurant': 'KFC', 'postal': 'L6Y2M7'}
{'restaurant': 'McDonalds', 'postal': 'L8P4W3'}
